<?xml version="1.0" encoding="UTF-8"?>
<testsuite xmlns:xsi="http://www.w3.org/2001/XMLSchema-instance" xsi:noNamespaceSchemaLocation="https://maven.apache.org/surefire/maven-surefire-plugin/xsd/surefire-test-report-3.0.xsd" version="3.0" name="edu.miu.cs489.tsogt.lab_12.Lab12ApplicationTests" time="8.652" tests="1" errors="0" skipped="0" failures="0">
  <properties>
[...]
</properties>
  <testcase name="contextLoads" classname="edu.miu.cs489.tsogt.lab_12.Lab12ApplicationTests" time="0.348">
    <system-out><![CDATA[18:33:11.242 [main] INFO org.springframework.test.context.support.AnnotationConfigContextLoaderUtils -- Could not detect default configuration classes for test class [edu.miu.cs489.tsogt.lab_12.Lab12ApplicationTests]: Lab12ApplicationTests does not declare any static, non-private, non-final, nested classes annotated with @Configuration.
18:33:11.286 [main] INFO org.springframework.boot.test.context.SpringBootTestContextBootstrapper -- Found @SpringBootConfiguration edu.miu.cs489.tsogt.lab_12.Lab12Application for test class edu.miu.cs489.tsogt.lab_12.Lab12ApplicationTests

  .   ____          _            __ _ _
 /\\ / ___'_ __ _ _(_)_ __  __ _ \ \ \ \
( ( )\___ | '_ | '_| | '_ \/ _` | \ \ \ \
 \\/  ___)| |_)| | | | | || (_| |  ) ) ) )
  '  |____| .__|_| |_|_| |_\__, | / / / /
 =========|_|==============|___/=/_/_/_/
 :: Spring Boot ::                (v3.2.4)

2024-04-20T18:33:11.448-05:00  INFO 3001 --- [Lab_12] [           main] e.m.c.t.lab_12.Lab12ApplicationTests     : Starting Lab12ApplicationTests using Java 21.0.2 with PID 3001 (started by toshi in /Users/toshi/Documents/GitHub/Lab12ASD)
2024-04-20T18:33:11.449-05:00  INFO 3001 --- [Lab_12] [           main] e.m.c.t.lab_12.Lab12ApplicationTests     : No active profile set, falling back to 1 default profile: "default"
2024-04-20T18:33:11.742-05:00  INFO 3001 --- [Lab_12] [           main] .s.d.r.c.RepositoryConfigurationDelegate : Bootstrapping Spring Data JPA repositories in DEFAULT mode.
2024-04-20T18:33:11.770-05:00  INFO 3001 --- [Lab_12] [           main] .s.d.r.c.RepositoryConfigurationDelegate : Finished Spring Data repository scanning in 24 ms. Found 5 JPA repository interfaces.
2024-04-20T18:33:12.001-05:00  INFO 3001 --- [Lab_12] [           main] o.hibernate.jpa.internal.util.LogHelper  : HHH000204: Processing PersistenceUnitInfo [name: default]
2024-04-20T18:33:12.029-05:00  INFO 3001 --- [Lab_12] [           main] org.hibernate.Version                    : HHH000412: Hibernate ORM core version 6.4.4.Final
2024-04-20T18:33:12.046-05:00  INFO 3001 --- [Lab_12] [           main] o.h.c.internal.RegionFactoryInitiator    : HHH000026: Second-level cache disabled
2024-04-20T18:33:12.158-05:00  INFO 3001 --- [Lab_12] [           main] o.s.o.j.p.SpringPersistenceUnitInfo      : No LoadTimeWeaver setup: ignoring JPA class transformer
2024-04-20T18:33:12.171-05:00  INFO 3001 --- [Lab_12] [           main] com.zaxxer.hikari.HikariDataSource       : HikariPool-1 - Starting...
2024-04-20T18:33:13.175-05:00  INFO 3001 --- [Lab_12] [           main] com.zaxxer.hikari.pool.HikariPool        : HikariPool-1 - Added connection com.mysql.cj.jdbc.ConnectionImpl@2712e8f4
2024-04-20T18:33:13.179-05:00  INFO 3001 --- [Lab_12] [           main] com.zaxxer.hikari.HikariDataSource       : HikariPool-1 - Start completed.
2024-04-20T18:33:13.341-05:00  WARN 3001 --- [Lab_12] [           main] org.hibernate.orm.deprecation            : HHH90000025: MySQLDialect does not need to be specified explicitly using 'hibernate.dialect' (remove the property setting and it will be selected by default)
2024-04-20T18:33:13.783-05:00  INFO 3001 --- [Lab_12] [           main] o.h.e.t.j.p.i.JtaPlatformInitiator       : HHH000489: No JTA platform available (set 'hibernate.transaction.jta.platform' to enable JTA platform integration)
2024-04-20T18:33:14.746-05:00  INFO 3001 --- [Lab_12] [           main] j.LocalContainerEntityManagerFactoryBean : Initialized JPA EntityManagerFactory for persistence unit 'default'
2024-04-20T18:33:15.046-05:00  WARN 3001 --- [Lab_12] [           main] JpaBaseConfiguration$JpaWebConfiguration : spring.jpa.open-in-view is enabled by default. Therefore, database queries may be performed during view rendering. Explicitly configure spring.jpa.open-in-view to disable this warning
2024-04-20T18:33:15.206-05:00  INFO 3001 --- [Lab_12] [           main] e.m.c.t.lab_12.Lab12ApplicationTests     : Started Lab12ApplicationTests in 3.861 seconds (process running for 4.312)
Hello RESTful Web API
Lab_12 WebAPI server. Starting...
Lab_12 WebAPI server. Started.
Running Apache Tomcat service and Listening for HTTP Request on Port number, 8080
Hibernate: 
    insert 
    into
        dentist
        (contact_phone_number, email, first_name, last_name, specialization) 
    values
        (?, ?, ?, ?, ?)
Hibernate: 
    insert 
    into
        address
        (city, postal_code, state, street_address) 
    values
        (?, ?, ?, ?)
Hibernate: 
    insert 
    into
        patient
        (address_id, contact_phone_number, date_of_birth, email, first_name, last_name) 
    values
        (?, ?, ?, ?, ?, ?)
Hibernate: 
    insert 
    into
        address
        (city, postal_code, state, street_address) 
    values
        (?, ?, ?, ?)
Hibernate: 
    insert 
    into
        surgery
        (address_id, name, telephone_number) 
    values
        (?, ?, ?)
Hibernate: 
    insert 
    into
        appointment
        (appointment_date, appointment_time, dentist_id, patient_id, surgery_id) 
    values
        (?, ?, ?, ?, ?)
Hibernate: 
    insert 
    into
        address
        (city, postal_code, state, street_address) 
    values
        (?, ?, ?, ?)
Hibernate: 
    insert 
    into
        patient
        (address_id, contact_phone_number, date_of_birth, email, first_name, last_name) 
    values
        (?, ?, ?, ?, ?, ?)
Hibernate: 
    insert 
    into
        appointment
        (appointment_date, appointment_time, dentist_id, patient_id, surgery_id) 
    values
        (?, ?, ?, ?, ?)
Hibernate: 
    insert 
    into
        dentist
        (contact_phone_number, email, first_name, last_name, specialization) 
    values
        (?, ?, ?, ?, ?)
Hibernate: 
    insert 
    into
        address
        (city, postal_code, state, street_address) 
    values
        (?, ?, ?, ?)
Hibernate: 
    insert 
    into
        patient
        (address_id, contact_phone_number, date_of_birth, email, first_name, last_name) 
    values
        (?, ?, ?, ?, ?, ?)
Hibernate: 
    insert 
    into
        address
        (city, postal_code, state, street_address) 
    values
        (?, ?, ?, ?)
Hibernate: 
    insert 
    into
        surgery
        (address_id, name, telephone_number) 
    values
        (?, ?, ?)
Hibernate: 
    insert 
    into
        appointment
        (appointment_date, appointment_time, dentist_id, patient_id, surgery_id) 
    values
        (?, ?, ?, ?, ?)
Hibernate: 
    insert 
    into
        appointment
        (appointment_date, appointment_time, dentist_id, patient_id, surgery_id) 
    values
        (?, ?, ?, ?, ?)
Hibernate: 
    insert 
    into
        dentist
        (contact_phone_number, email, first_name, last_name, specialization) 
    values
        (?, ?, ?, ?, ?)
Hibernate: 
    insert 
    into
        appointment
        (appointment_date, appointment_time, dentist_id, patient_id, surgery_id) 
    values
        (?, ?, ?, ?, ?)
Hibernate: 
    insert 
    into
        address
        (city, postal_code, state, street_address) 
    values
        (?, ?, ?, ?)
Hibernate: 
    insert 
    into
        patient
        (address_id, contact_phone_number, date_of_birth, email, first_name, last_name) 
    values
        (?, ?, ?, ?, ?, ?)
Hibernate: 
    insert 
    into
        address
        (city, postal_code, state, street_address) 
    values
        (?, ?, ?, ?)
Hibernate: 
    insert 
    into
        surgery
        (address_id, name, telephone_number) 
    values
        (?, ?, ?)
Hibernate: 
    insert 
    into
        appointment
        (appointment_date, appointment_time, dentist_id, patient_id, surgery_id) 
    values
        (?, ?, ?, ?, ?)
Hibernate: 
    select
        p1_0.id,
        a1_0.id,
        a1_0.city,
        a1_0.postal_code,
        a1_0.state,
        a1_0.street_address,
        p1_0.contact_phone_number,
        p1_0.date_of_birth,
        p1_0.email,
        p1_0.first_name,
        p1_0.last_name,
        al1_0.patient_id,
        al1_0.id,
        al1_0.appointment_date,
        al1_0.appointment_time,
        d1_0.id,
        d1_0.contact_phone_number,
        d1_0.email,
        d1_0.first_name,
        d1_0.last_name,
        d1_0.specialization,
        s1_0.id,
        s1_0.address_id,
        s1_0.name,
        s1_0.telephone_number 
    from
        patient p1_0 
    left join
        address a1_0 
            on a1_0.id=p1_0.address_id 
    left join
        appointment al1_0 
            on p1_0.id=al1_0.patient_id 
    left join
        dentist d1_0 
            on d1_0.id=al1_0.dentist_id 
    left join
        surgery s1_0 
            on s1_0.id=al1_0.surgery_id 
    where
        p1_0.id=?
Hibernate: 
    select
        a1_0.id,
        a1_0.city,
        a1_0.postal_code,
        a1_0.state,
        a1_0.street_address 
    from
        address a1_0 
    where
        a1_0.id=?
Hibernate: 
    select
        a1_0.surgery_id,
        a1_0.id,
        a1_0.appointment_date,
        a1_0.appointment_time,
        d1_0.id,
        d1_0.contact_phone_number,
        d1_0.email,
        d1_0.first_name,
        d1_0.last_name,
        d1_0.specialization,
        p1_0.id,
        a2_0.id,
        a2_0.city,
        a2_0.postal_code,
        a2_0.state,
        a2_0.street_address,
        p1_0.contact_phone_number,
        p1_0.date_of_birth,
        p1_0.email,
        p1_0.first_name,
        p1_0.last_name 
    from
        appointment a1_0 
    left join
        dentist d1_0 
            on d1_0.id=a1_0.dentist_id 
    left join
        patient p1_0 
            on p1_0.id=a1_0.patient_id 
    left join
        address a2_0 
            on a2_0.id=p1_0.address_id 
    where
        a1_0.surgery_id=?
Hibernate: 
    select
        a1_0.dentist_id,
        a1_0.id,
        a1_0.appointment_date,
        a1_0.appointment_time,
        p1_0.id,
        a2_0.id,
        a2_0.city,
        a2_0.postal_code,
        a2_0.state,
        a2_0.street_address,
        p1_0.contact_phone_number,
        p1_0.date_of_birth,
        p1_0.email,
        p1_0.first_name,
        p1_0.last_name,
        s1_0.id,
        a3_0.id,
        a3_0.city,
        a3_0.postal_code,
        a3_0.state,
        a3_0.street_address,
        s1_0.name,
        s1_0.telephone_number 
    from
        appointment a1_0 
    left join
        patient p1_0 
            on p1_0.id=a1_0.patient_id 
    left join
        address a2_0 
            on a2_0.id=p1_0.address_id 
    left join
        surgery s1_0 
            on s1_0.id=a1_0.surgery_id 
    left join
        address a3_0 
            on a3_0.id=s1_0.address_id 
    where
        a1_0.dentist_id=?
Hibernate: 
    select
        p1_0.id,
        a1_0.id,
        a1_0.city,
        a1_0.postal_code,
        a1_0.state,
        a1_0.street_address,
        p1_0.contact_phone_number,
        p1_0.date_of_birth,
        p1_0.email,
        p1_0.first_name,
        p1_0.last_name,
        al1_0.patient_id,
        al1_0.id,
        al1_0.appointment_date,
        al1_0.appointment_time,
        d1_0.id,
        d1_0.contact_phone_number,
        d1_0.email,
        d1_0.first_name,
        d1_0.last_name,
        d1_0.specialization,
        s1_0.id,
        s1_0.address_id,
        s1_0.name,
        s1_0.telephone_number 
    from
        patient p1_0 
    left join
        address a1_0 
            on a1_0.id=p1_0.address_id 
    left join
        appointment al1_0 
            on p1_0.id=al1_0.patient_id 
    left join
        dentist d1_0 
            on d1_0.id=al1_0.dentist_id 
    left join
        surgery s1_0 
            on s1_0.id=al1_0.surgery_id 
    where
        p1_0.id=?
Hibernate: 
    select
        a1_0.id,
        a1_0.city,
        a1_0.postal_code,
        a1_0.state,
        a1_0.street_address 
    from
        address a1_0 
    where
        a1_0.id=?
Hibernate: 
    select
        a1_0.surgery_id,
        a1_0.id,
        a1_0.appointment_date,
        a1_0.appointment_time,
        d1_0.id,
        d1_0.contact_phone_number,
        d1_0.email,
        d1_0.first_name,
        d1_0.last_name,
        d1_0.specialization,
        p1_0.id,
        a2_0.id,
        a2_0.city,
        a2_0.postal_code,
        a2_0.state,
        a2_0.street_address,
        p1_0.contact_phone_number,
        p1_0.date_of_birth,
        p1_0.email,
        p1_0.first_name,
        p1_0.last_name 
    from
        appointment a1_0 
    left join
        dentist d1_0 
            on d1_0.id=a1_0.dentist_id 
    left join
        patient p1_0 
            on p1_0.id=a1_0.patient_id 
    left join
        address a2_0 
            on a2_0.id=p1_0.address_id 
    where
        a1_0.surgery_id=?
Hibernate: 
    select
        a1_0.dentist_id,
        a1_0.id,
        a1_0.appointment_date,
        a1_0.appointment_time,
        p1_0.id,
        a2_0.id,
        a2_0.city,
        a2_0.postal_code,
        a2_0.state,
        a2_0.street_address,
        p1_0.contact_phone_number,
        p1_0.date_of_birth,
        p1_0.email,
        p1_0.first_name,
        p1_0.last_name,
        s1_0.id,
        a3_0.id,
        a3_0.city,
        a3_0.postal_code,
        a3_0.state,
        a3_0.street_address,
        s1_0.name,
        s1_0.telephone_number 
    from
        appointment a1_0 
    left join
        patient p1_0 
            on p1_0.id=a1_0.patient_id 
    left join
        address a2_0 
            on a2_0.id=p1_0.address_id 
    left join
        surgery s1_0 
            on s1_0.id=a1_0.surgery_id 
    left join
        address a3_0 
            on a3_0.id=s1_0.address_id 
    where
        a1_0.dentist_id=?
Hibernate: 
    select
        p1_0.id,
        a1_0.id,
        a1_0.city,
        a1_0.postal_code,
        a1_0.state,
        a1_0.street_address,
        p1_0.contact_phone_number,
        p1_0.date_of_birth,
        p1_0.email,
        p1_0.first_name,
        p1_0.last_name,
        al1_0.patient_id,
        al1_0.id,
        al1_0.appointment_date,
        al1_0.appointment_time,
        d1_0.id,
        d1_0.contact_phone_number,
        d1_0.email,
        d1_0.first_name,
        d1_0.last_name,
        d1_0.specialization,
        s1_0.id,
        s1_0.address_id,
        s1_0.name,
        s1_0.telephone_number 
    from
        patient p1_0 
    left join
        address a1_0 
            on a1_0.id=p1_0.address_id 
    left join
        appointment al1_0 
            on p1_0.id=al1_0.patient_id 
    left join
        dentist d1_0 
            on d1_0.id=al1_0.dentist_id 
    left join
        surgery s1_0 
            on s1_0.id=al1_0.surgery_id 
    where
        p1_0.id=?
Hibernate: 
    select
        a1_0.id,
        a1_0.city,
        a1_0.postal_code,
        a1_0.state,
        a1_0.street_address 
    from
        address a1_0 
    where
        a1_0.id=?
Hibernate: 
    select
        a1_0.surgery_id,
        a1_0.id,
        a1_0.appointment_date,
        a1_0.appointment_time,
        d1_0.id,
        d1_0.contact_phone_number,
        d1_0.email,
        d1_0.first_name,
        d1_0.last_name,
        d1_0.specialization,
        p1_0.id,
        a2_0.id,
        a2_0.city,
        a2_0.postal_code,
        a2_0.state,
        a2_0.street_address,
        p1_0.contact_phone_number,
        p1_0.date_of_birth,
        p1_0.email,
        p1_0.first_name,
        p1_0.last_name 
    from
        appointment a1_0 
    left join
        dentist d1_0 
            on d1_0.id=a1_0.dentist_id 
    left join
        patient p1_0 
            on p1_0.id=a1_0.patient_id 
    left join
        address a2_0 
            on a2_0.id=p1_0.address_id 
    where
        a1_0.surgery_id=?
Hibernate: 
    select
        d1_0.id,
        d1_0.contact_phone_number,
        d1_0.email,
        d1_0.first_name,
        d1_0.last_name,
        d1_0.specialization,
        a1_0.dentist_id,
        a1_0.id,
        a1_0.appointment_date,
        a1_0.appointment_time,
        p1_0.id,
        p1_0.address_id,
        p1_0.contact_phone_number,
        p1_0.date_of_birth,
        p1_0.email,
        p1_0.first_name,
        p1_0.last_name,
        s1_0.id,
        s1_0.address_id,
        s1_0.name,
        s1_0.telephone_number 
    from
        dentist d1_0 
    left join
        appointment a1_0 
            on d1_0.id=a1_0.dentist_id 
    left join
        patient p1_0 
            on p1_0.id=a1_0.patient_id 
    left join
        surgery s1_0 
            on s1_0.id=a1_0.surgery_id 
    where
        d1_0.id=?
Hibernate: 
    select
        a1_0.id,
        a1_0.city,
        a1_0.postal_code,
        a1_0.state,
        a1_0.street_address 
    from
        address a1_0 
    where
        a1_0.id=?
Hibernate: 
    select
        a1_0.id,
        a1_0.city,
        a1_0.postal_code,
        a1_0.state,
        a1_0.street_address 
    from
        address a1_0 
    where
        a1_0.id=?
Hibernate: 
    select
        a1_0.id,
        a1_0.city,
        a1_0.postal_code,
        a1_0.state,
        a1_0.street_address 
    from
        address a1_0 
    where
        a1_0.id=?
Hibernate: 
    select
        al1_0.patient_id,
        al1_0.id,
        al1_0.appointment_date,
        al1_0.appointment_time,
        d1_0.id,
        d1_0.contact_phone_number,
        d1_0.email,
        d1_0.first_name,
        d1_0.last_name,
        d1_0.specialization,
        s1_0.id,
        a1_0.id,
        a1_0.city,
        a1_0.postal_code,
        a1_0.state,
        a1_0.street_address,
        s1_0.name,
        s1_0.telephone_number 
    from
        appointment al1_0 
    left join
        dentist d1_0 
            on d1_0.id=al1_0.dentist_id 
    left join
        surgery s1_0 
            on s1_0.id=al1_0.surgery_id 
    left join
        address a1_0 
            on a1_0.id=s1_0.address_id 
    where
        al1_0.patient_id=?
Hibernate: 
    select
        a1_0.surgery_id,
        a1_0.id,
        a1_0.appointment_date,
        a1_0.appointment_time,
        d1_0.id,
        d1_0.contact_phone_number,
        d1_0.email,
        d1_0.first_name,
        d1_0.last_name,
        d1_0.specialization,
        p1_0.id,
        a2_0.id,
        a2_0.city,
        a2_0.postal_code,
        a2_0.state,
        a2_0.street_address,
        p1_0.contact_phone_number,
        p1_0.date_of_birth,
        p1_0.email,
        p1_0.first_name,
        p1_0.last_name 
    from
        appointment a1_0 
    left join
        dentist d1_0 
            on d1_0.id=a1_0.dentist_id 
    left join
        patient p1_0 
            on p1_0.id=a1_0.patient_id 
    left join
        address a2_0 
            on a2_0.id=p1_0.address_id 
    where
        a1_0.surgery_id=?
Hibernate: 
    select
        al1_0.patient_id,
        al1_0.id,
        al1_0.appointment_date,
        al1_0.appointment_time,
        d1_0.id,
        d1_0.contact_phone_number,
        d1_0.email,
        d1_0.first_name,
        d1_0.last_name,
        d1_0.specialization,
        s1_0.id,
        a1_0.id,
        a1_0.city,
        a1_0.postal_code,
        a1_0.state,
        a1_0.street_address,
        s1_0.name,
        s1_0.telephone_number 
    from
        appointment al1_0 
    left join
        dentist d1_0 
            on d1_0.id=al1_0.dentist_id 
    left join
        surgery s1_0 
            on s1_0.id=al1_0.surgery_id 
    left join
        address a1_0 
            on a1_0.id=s1_0.address_id 
    where
        al1_0.patient_id=?
Hibernate: 
    select
        d1_0.id,
        d1_0.contact_phone_number,
        d1_0.email,
        d1_0.first_name,
        d1_0.last_name,
        d1_0.specialization,
        a1_0.dentist_id,
        a1_0.id,
        a1_0.appointment_date,
        a1_0.appointment_time,
        p1_0.id,
        p1_0.address_id,
        p1_0.contact_phone_number,
        p1_0.date_of_birth,
        p1_0.email,
        p1_0.first_name,
        p1_0.last_name,
        s1_0.id,
        s1_0.address_id,
        s1_0.name,
        s1_0.telephone_number 
    from
        dentist d1_0 
    left join
        appointment a1_0 
            on d1_0.id=a1_0.dentist_id 
    left join
        patient p1_0 
            on p1_0.id=a1_0.patient_id 
    left join
        surgery s1_0 
            on s1_0.id=a1_0.surgery_id 
    where
        d1_0.id=?
Hibernate: 
    select
        a1_0.id,
        a1_0.city,
        a1_0.postal_code,
        a1_0.state,
        a1_0.street_address 
    from
        address a1_0 
    where
        a1_0.id=?
Hibernate: 
    select
        a1_0.id,
        a1_0.city,
        a1_0.postal_code,
        a1_0.state,
        a1_0.street_address 
    from
        address a1_0 
    where
        a1_0.id=?
Hibernate: 
    select
        a1_0.surgery_id,
        a1_0.id,
        a1_0.appointment_date,
        a1_0.appointment_time,
        d1_0.id,
        d1_0.contact_phone_number,
        d1_0.email,
        d1_0.first_name,
        d1_0.last_name,
        d1_0.specialization,
        p1_0.id,
        a2_0.id,
        a2_0.city,
        a2_0.postal_code,
        a2_0.state,
        a2_0.street_address,
        p1_0.contact_phone_number,
        p1_0.date_of_birth,
        p1_0.email,
        p1_0.first_name,
        p1_0.last_name 
    from
        appointment a1_0 
    left join
        dentist d1_0 
            on d1_0.id=a1_0.dentist_id 
    left join
        patient p1_0 
            on p1_0.id=a1_0.patient_id 
    left join
        address a2_0 
            on a2_0.id=p1_0.address_id 
    where
        a1_0.surgery_id=?
Hibernate: 
    select
        al1_0.patient_id,
        al1_0.id,
        al1_0.appointment_date,
        al1_0.appointment_time,
        d1_0.id,
        d1_0.contact_phone_number,
        d1_0.email,
        d1_0.first_name,
        d1_0.last_name,
        d1_0.specialization,
        s1_0.id,
        a1_0.id,
        a1_0.city,
        a1_0.postal_code,
        a1_0.state,
        a1_0.street_address,
        s1_0.name,
        s1_0.telephone_number 
    from
        appointment al1_0 
    left join
        dentist d1_0 
            on d1_0.id=al1_0.dentist_id 
    left join
        surgery s1_0 
            on s1_0.id=al1_0.surgery_id 
    left join
        address a1_0 
            on a1_0.id=s1_0.address_id 
    where
        al1_0.patient_id=?
Hibernate: 
    select
        s1_0.id,
        a1_0.id,
        a1_0.city,
        a1_0.postal_code,
        a1_0.state,
        a1_0.street_address,
        s1_0.name,
        s1_0.telephone_number,
        a2_0.surgery_id,
        a2_0.id,
        a2_0.appointment_date,
        a2_0.appointment_time,
        d1_0.id,
        d1_0.contact_phone_number,
        d1_0.email,
        d1_0.first_name,
        d1_0.last_name,
        d1_0.specialization,
        p1_0.id,
        p1_0.address_id,
        p1_0.contact_phone_number,
        p1_0.date_of_birth,
        p1_0.email,
        p1_0.first_name,
        p1_0.last_name 
    from
        surgery s1_0 
    left join
        address a1_0 
            on a1_0.id=s1_0.address_id 
    left join
        appointment a2_0 
            on s1_0.id=a2_0.surgery_id 
    left join
        dentist d1_0 
            on d1_0.id=a2_0.dentist_id 
    left join
        patient p1_0 
            on p1_0.id=a2_0.patient_id 
    where
        s1_0.id=?
Hibernate: 
    select
        a1_0.id,
        a1_0.city,
        a1_0.postal_code,
        a1_0.state,
        a1_0.street_address 
    from
        address a1_0 
    where
        a1_0.id=?
Hibernate: 
    select
        a1_0.id,
        a1_0.city,
        a1_0.postal_code,
        a1_0.state,
        a1_0.street_address 
    from
        address a1_0 
    where
        a1_0.id=?
Hibernate: 
    select
        a1_0.dentist_id,
        a1_0.id,
        a1_0.appointment_date,
        a1_0.appointment_time,
        p1_0.id,
        a2_0.id,
        a2_0.city,
        a2_0.postal_code,
        a2_0.state,
        a2_0.street_address,
        p1_0.contact_phone_number,
        p1_0.date_of_birth,
        p1_0.email,
        p1_0.first_name,
        p1_0.last_name,
        s1_0.id,
        a3_0.id,
        a3_0.city,
        a3_0.postal_code,
        a3_0.state,
        a3_0.street_address,
        s1_0.name,
        s1_0.telephone_number 
    from
        appointment a1_0 
    left join
        patient p1_0 
            on p1_0.id=a1_0.patient_id 
    left join
        address a2_0 
            on a2_0.id=p1_0.address_id 
    left join
        surgery s1_0 
            on s1_0.id=a1_0.surgery_id 
    left join
        address a3_0 
            on a3_0.id=s1_0.address_id 
    where
        a1_0.dentist_id=?
Hibernate: 
    select
        al1_0.patient_id,
        al1_0.id,
        al1_0.appointment_date,
        al1_0.appointment_time,
        d1_0.id,
        d1_0.contact_phone_number,
        d1_0.email,
        d1_0.first_name,
        d1_0.last_name,
        d1_0.specialization,
        s1_0.id,
        a1_0.id,
        a1_0.city,
        a1_0.postal_code,
        a1_0.state,
        a1_0.street_address,
        s1_0.name,
        s1_0.telephone_number 
    from
        appointment al1_0 
    left join
        dentist d1_0 
            on d1_0.id=al1_0.dentist_id 
    left join
        surgery s1_0 
            on s1_0.id=al1_0.surgery_id 
    left join
        address a1_0 
            on a1_0.id=s1_0.address_id 
    where
        al1_0.patient_id=?
Hibernate: 
    select
        al1_0.patient_id,
        al1_0.id,
        al1_0.appointment_date,
        al1_0.appointment_time,
        d1_0.id,
        d1_0.contact_phone_number,
        d1_0.email,
        d1_0.first_name,
        d1_0.last_name,
        d1_0.specialization,
        s1_0.id,
        a1_0.id,
        a1_0.city,
        a1_0.postal_code,
        a1_0.state,
        a1_0.street_address,
        s1_0.name,
        s1_0.telephone_number 
    from
        appointment al1_0 
    left join
        dentist d1_0 
            on d1_0.id=al1_0.dentist_id 
    left join
        surgery s1_0 
            on s1_0.id=al1_0.surgery_id 
    left join
        address a1_0 
            on a1_0.id=s1_0.address_id 
    where
        al1_0.patient_id=?
Hibernate: 
    select
        a1_0.dentist_id,
        a1_0.id,
        a1_0.appointment_date,
        a1_0.appointment_time,
        p1_0.id,
        a2_0.id,
        a2_0.city,
        a2_0.postal_code,
        a2_0.state,
        a2_0.street_address,
        p1_0.contact_phone_number,
        p1_0.date_of_birth,
        p1_0.email,
        p1_0.first_name,
        p1_0.last_name,
        s1_0.id,
        a3_0.id,
        a3_0.city,
        a3_0.postal_code,
        a3_0.state,
        a3_0.street_address,
        s1_0.name,
        s1_0.telephone_number 
    from
        appointment a1_0 
    left join
        patient p1_0 
            on p1_0.id=a1_0.patient_id 
    left join
        address a2_0 
            on a2_0.id=p1_0.address_id 
    left join
        surgery s1_0 
            on s1_0.id=a1_0.surgery_id 
    left join
        address a3_0 
            on a3_0.id=s1_0.address_id 
    where
        a1_0.dentist_id=?
Hibernate: 
    select
        s1_0.id,
        a1_0.id,
        a1_0.city,
        a1_0.postal_code,
        a1_0.state,
        a1_0.street_address,
        s1_0.name,
        s1_0.telephone_number,
        a2_0.surgery_id,
        a2_0.id,
        a2_0.appointment_date,
        a2_0.appointment_time,
        d1_0.id,
        d1_0.contact_phone_number,
        d1_0.email,
        d1_0.first_name,
        d1_0.last_name,
        d1_0.specialization,
        p1_0.id,
        p1_0.address_id,
        p1_0.contact_phone_number,
        p1_0.date_of_birth,
        p1_0.email,
        p1_0.first_name,
        p1_0.last_name 
    from
        surgery s1_0 
    left join
        address a1_0 
            on a1_0.id=s1_0.address_id 
    left join
        appointment a2_0 
            on s1_0.id=a2_0.surgery_id 
    left join
        dentist d1_0 
            on d1_0.id=a2_0.dentist_id 
    left join
        patient p1_0 
            on p1_0.id=a2_0.patient_id 
    where
        s1_0.id=?
Hibernate: 
    select
        a1_0.id,
        a1_0.city,
        a1_0.postal_code,
        a1_0.state,
        a1_0.street_address 
    from
        address a1_0 
    where
        a1_0.id=?
Hibernate: 
    select
        al1_0.patient_id,
        al1_0.id,
        al1_0.appointment_date,
        al1_0.appointment_time,
        d1_0.id,
        d1_0.contact_phone_number,
        d1_0.email,
        d1_0.first_name,
        d1_0.last_name,
        d1_0.specialization,
        s1_0.id,
        a1_0.id,
        a1_0.city,
        a1_0.postal_code,
        a1_0.state,
        a1_0.street_address,
        s1_0.name,
        s1_0.telephone_number 
    from
        appointment al1_0 
    left join
        dentist d1_0 
            on d1_0.id=al1_0.dentist_id 
    left join
        surgery s1_0 
            on s1_0.id=al1_0.surgery_id 
    left join
        address a1_0 
            on a1_0.id=s1_0.address_id 
    where
        al1_0.patient_id=?
Hibernate: 
    select
        a1_0.dentist_id,
        a1_0.id,
        a1_0.appointment_date,
        a1_0.appointment_time,
        p1_0.id,
        a2_0.id,
        a2_0.city,
        a2_0.postal_code,
        a2_0.state,
        a2_0.street_address,
        p1_0.contact_phone_number,
        p1_0.date_of_birth,
        p1_0.email,
        p1_0.first_name,
        p1_0.last_name,
        s1_0.id,
        a3_0.id,
        a3_0.city,
        a3_0.postal_code,
        a3_0.state,
        a3_0.street_address,
        s1_0.name,
        s1_0.telephone_number 
    from
        appointment a1_0 
    left join
        patient p1_0 
            on p1_0.id=a1_0.patient_id 
    left join
        address a2_0 
            on a2_0.id=p1_0.address_id 
    left join
        surgery s1_0 
            on s1_0.id=a1_0.surgery_id 
    left join
        address a3_0 
            on a3_0.id=s1_0.address_id 
    where
        a1_0.dentist_id=?
]]></system-out>
    <system-err><![CDATA[WARNING: A Java agent has been loaded dynamically (/Users/toshi/.m2/repository/net/bytebuddy/byte-buddy-agent/1.14.12/byte-buddy-agent-1.14.12.jar)
WARNING: If a serviceability tool is in use, please run with -XX:+EnableDynamicAgentLoading to hide this warning
WARNING: If a serviceability tool is not in use, please run with -Djdk.instrument.traceUsage for more information
WARNING: Dynamic loading of agents will be disallowed by default in a future release
]]></system-err>
  </testcase>
</testsuite>